# JRE version: Java(TM) SE Runtime Environment (15.0.2+7) (build 15.0.2+7-27)
# Java VM: Java HotSpot(TM) 64-Bit Server VM (15.0.2+7-27, mixed mode, sharing, tiered, compressed oops, g1 gc, windows-amd64)
GC Precious Log:
 CPUs: 4 total, 4 available
 Memory: 3785M
 Large Page Support: Disabled
 NUMA Support: Disabled
 Compressed Oops: Enabled (32-bit)
 Heap Region Size: 1M
 Heap Min Capacity: 8M
 Heap Initial Capacity: 60M
 Heap Max Capacity: 948M
 Pre-touch: Disabled
 Parallel Workers: 4
 Concurrent Workers: 1
 Concurrent Refinement Workers: 4
 Periodic GC: Disabled
Heap:
 garbage-first heap   total 61440K, used 35354K [0x00000000c4c00000, 0x0000000100000000)
  region size 1024K, 22 young (22528K), 5 survivors (5120K)
 Metaspace       used 19227K, capacity 20295K, committed 20480K, reserved 1067008K
  class space    used 2122K, capacity 2240K, committed 2304K, reserved 1048576K
GC Heap History (6 events):
Event: 2.343 GC heap before
{Heap before GC invocations=0 (full 0):
 garbage-first heap   total 61440K, used 16384K [0x00000000c4c00000, 0x0000000100000000)
  region size 1024K, 13 young (13312K), 0 survivors (0K)
 Metaspace       used 3966K, capacity 7634K, committed 7936K, reserved 1056768K
  class space    used 314K, capacity 650K, committed 768K, reserved 1048576K
}
Event: 2.350 GC heap after
{Heap after GC invocations=1 (full 0):
 garbage-first heap   total 61440K, used 5176K [0x00000000c4c00000, 0x0000000100000000)
  region size 1024K, 2 young (2048K), 2 survivors (2048K)
 Metaspace       used 3966K, capacity 7634K, committed 7936K, reserved 1056768K
  class space    used 314K, capacity 650K, committed 768K, reserved 1048576K
}
Event: 3.481 GC heap before
{Heap before GC invocations=1 (full 0):
 garbage-first heap   total 61440K, used 20536K [0x00000000c4c00000, 0x0000000100000000)
  region size 1024K, 18 young (18432K), 2 survivors (2048K)
 Metaspace       used 7801K, capacity 11090K, committed 11392K, reserved 1058816K
  class space    used 786K, capacity 1098K, committed 1152K, reserved 1048576K
}
Event: 3.488 GC heap after
{Heap after GC invocations=2 (full 0):
 garbage-first heap   total 61440K, used 6800K [0x00000000c4c00000, 0x0000000100000000)
  region size 1024K, 2 young (2048K), 2 survivors (2048K)
 Metaspace       used 7801K, capacity 11090K, committed 11392K, reserved 1058816K
  class space    used 786K, capacity 1098K, committed 1152K, reserved 1048576K
}
Event: 6.072 GC heap before
{Heap before GC invocations=2 (full 0):
 garbage-first heap   total 61440K, used 44688K [0x00000000c4c00000, 0x0000000100000000)
  region size 1024K, 36 young (36864K), 2 survivors (2048K)
 Metaspace       used 15908K, capacity 17907K, committed 18176K, reserved 1064960K
  class space    used 1735K, capacity 1936K, committed 2048K, reserved 1048576K
}
Event: 6.088 GC heap after
{Heap after GC invocations=3 (full 0):
 garbage-first heap   total 61440K, used 16922K [0x00000000c4c00000, 0x0000000100000000)
  region size 1024K, 5 young (5120K), 5 survivors (5120K)
 Metaspace       used 15908K, capacity 17907K, committed 18176K, reserved 1064960K
  class space    used 1735K, capacity 1936K, committed 2048K, reserved 1048576K
}

